number,value,datetime_start,datetime_complete,duration,params_bs,params_buf,params_ent,params_gamma,params_gs,params_lr,params_lstarts,params_n_steps,params_nc,params_nq,params_pi_l0,params_pi_l1,params_pi_l2,params_pi_l3,params_pi_layers,params_qf_l0,params_qf_l1,params_qf_l2,params_qf_l3,params_qf_layers,params_tau,params_tf,params_tqdrop,params_tui,params_use_sde,state
0,3.356192413034023,2026-05-24 21:39:00.821405,2026-05-24 23:24:34.710957,0 days 01:45:33.889552,1024,500000,0.001,0.9677390696247036,8,1.7456037635797413e-05,5000,3,5,50,64,1024,64.0,,3,512,512,512.0,256.0,4,0.005595074635794793,1,2,4,True,COMPLETE
1,-0.38350192093639635,2026-05-24 23:24:34.712075,2026-05-25 00:20:45.854747,0 days 00:56:11.142672,256,100000,0.01,0.9076210110730505,8,3.687744286155103e-05,1000,10,5,25,256,512,64.0,128.0,4,512,128,,,2,0.0031065548585819088,1,3,1,False,COMPLETE
2,2.0620959221269004,2026-05-25 00:20:45.856312,2026-05-25 01:08:50.596735,0 days 00:48:04.740423,256,500000,auto,0.9172622764714942,8,0.00039643430816069464,10000,5,2,25,128,64,64.0,,3,128,128,,,2,0.014923905552517549,1,4,1,True,COMPLETE
3,12.221608986525098,2026-05-25 01:08:50.600391,2026-05-25 02:10:52.175887,0 days 01:02:01.575496,128,100000,0.01,0.9423902306834141,1,0.0019932310438786956,5000,1,5,25,1024,64,,,2,128,64,64.0,128.0,4,0.04388514545104971,8,4,4,False,COMPLETE
4,11.85991937145965,2026-05-25 02:10:52.177225,2026-05-25 03:06:07.257323,0 days 00:55:15.080098,128,1000000,auto,0.9025097235981303,1,1.5643933810778685e-05,1000,1,5,50,512,128,64.0,,3,1024,256,,,2,0.043202689245205685,1,1,1,False,COMPLETE
5,3.955868589473539,2026-05-25 03:06:07.258859,2026-05-25 04:13:07.678525,0 days 01:07:00.419666,128,500000,0.001,0.974310860412445,8,2.7513083443503713e-05,10000,10,5,100,64,128,1024.0,,3,64,1024,128.0,128.0,4,0.02348486242793141,4,1,2,True,COMPLETE
6,0.2856934973524403,2026-05-25 04:13:07.682413,2026-05-25 05:44:49.094351,0 days 01:31:41.411938,1024,500000,0.01,0.9952550822989796,8,0.0002786603430116133,10000,3,5,50,512,1024,512.0,,3,512,256,64.0,1024.0,4,0.004334049529411598,8,5,1,True,COMPLETE
7,18.575099690399497,2026-05-25 05:44:49.096649,2026-05-25 07:00:22.659572,0 days 01:15:33.562923,1024,1000000,0.01,0.9935318072583603,4,0.0008032950129298991,1000,5,3,50,1024,512,,,2,1024,512,64.0,256.0,4,0.02776677435509802,8,1,1,False,COMPLETE
8,-13.623237664534827,2026-05-25 07:00:22.661514,2026-05-25 07:57:44.525902,0 days 00:57:21.864388,512,500000,auto,0.9791416294919952,4,1.2513561638313206e-05,10000,1,2,100,64,128,64.0,,3,1024,128,128.0,1024.0,4,0.011662292440045782,4,3,1,True,COMPLETE
9,9.593533702401572,2026-05-25 07:57:44.529049,2026-05-25 08:41:06.748320,0 days 00:43:22.219271,128,500000,auto,0.9393877043055284,1,1.8946716024675472e-05,10000,1,3,25,256,256,64.0,,3,512,1024,,,2,0.04437120123039812,8,1,1,False,COMPLETE
10,26.88823550611687,2026-05-25 08:41:06.750710,2026-05-25 09:43:58.877671,0 days 01:02:52.126961,1024,1000000,0.1,0.9960518640847309,4,0.002530680594810845,1000,5,3,50,1024,512,,,2,256,512,1024.0,,3,0.0010528993878992717,8,2,2,False,COMPLETE
11,25.963412881899785,2026-05-25 09:43:58.879198,2026-05-25 10:51:24.741200,0 days 01:07:25.862002,1024,1000000,0.1,0.9989368814255135,4,0.002828924473732981,1000,5,3,50,1024,512,,,2,256,512,1024.0,,3,0.0010178332079754172,8,2,2,False,COMPLETE
12,23.131433301024117,2026-05-25 10:51:24.745527,2026-05-25 11:58:49.808715,0 days 01:07:25.063188,1024,1000000,0.1,0.9988711614429472,4,0.002705551244959898,1000,5,3,50,1024,512,,,2,256,512,1024.0,,3,0.0011656352745162692,8,2,2,False,COMPLETE
13,23.529994591375612,2026-05-25 11:58:49.812296,2026-05-25 13:11:35.530863,0 days 01:12:45.718567,1024,1000000,0.1,0.9609269896245308,4,0.0009731038074326838,1000,5,3,50,1024,512,,,2,256,512,1024.0,,3,0.0010015284347911157,8,2,2,False,COMPLETE
14,10.188590324120014,2026-05-25 13:11:35.532526,2026-05-25 14:08:06.444139,0 days 00:56:30.911613,512,1000000,0.1,0.984227270406798,4,0.002668940678811211,1000,5,3,50,1024,512,,,2,256,512,256.0,,3,0.0018062169918584706,8,2,2,False,COMPLETE
15,27.024714391183807,2026-05-25 14:08:06.446343,2026-05-25 15:12:35.523150,0 days 01:04:29.076807,1024,1000000,0.1,0.9823960099619723,4,0.0009504203376461989,1000,5,3,50,128,256,256.0,512.0,4,256,64,1024.0,,3,0.002146930426920326,8,3,2,False,COMPLETE
16,7.647409168155718,2026-05-25 15:12:35.525623,2026-05-25 16:55:28.554570,0 days 01:42:53.028947,1024,1000000,0.1,0.9843144718924908,4,0.0010987145655607766,1000,5,3,100,128,256,256.0,512.0,4,256,64,1024.0,,3,0.002141600211668356,4,4,2,False,COMPLETE
17,16.629381238948554,2026-05-25 16:55:28.557769,2026-05-25 17:51:11.603786,0 days 00:55:43.046017,1024,1000000,0.1,0.9625611778126005,4,0.00011484487587311664,5000,5,3,50,128,256,256.0,512.0,4,64,64,1024.0,,3,0.002083077280090328,8,3,2,False,COMPLETE
18,13.76558371874853,2026-05-25 17:51:11.606213,2026-05-25 18:38:19.281604,0 days 00:47:07.675391,512,100000,0.1,0.9853419487531304,4,0.0012599829675926121,1000,10,2,50,128,256,128.0,1024.0,4,256,64,512.0,,3,0.003135686536548258,8,5,2,False,COMPLETE
19,15.5925266284612,2026-05-25 18:38:19.285203,2026-05-25 19:34:26.985413,0 days 00:56:07.700210,256,1000000,0.1,0.9743545480574533,4,0.0005915412761717428,1000,3,3,100,128,256,256.0,64.0,4,256,64,,,2,0.0014168363053480547,4,3,4,False,COMPLETE
20,12.782556883670622,2026-05-25 19:34:26.988481,2026-05-25 20:36:05.320996,0 days 01:01:38.332515,1024,1000000,0.001,0.9893388571355847,1,0.0015645816218523446,5000,5,3,50,256,1024,128.0,512.0,4,256,1024,256.0,,3,0.0017575527784253844,8,4,2,False,COMPLETE
21,25.748262511086978,2026-05-25 20:36:05.324077,2026-05-25 21:37:57.160547,0 days 01:01:51.836470,1024,1000000,0.1,0.9969290158135333,4,0.002949853422450016,1000,5,3,50,1024,512,,,2,256,512,1024.0,,3,0.0010850602316104711,8,2,2,False,COMPLETE
22,26.284953835277292,2026-05-25 21:37:57.163248,2026-05-25 22:52:31.763326,0 days 01:14:34.600078,1024,1000000,0.1,0.9989523912614985,4,0.00173841888307969,1000,5,3,50,1024,512,,,2,256,512,1024.0,,3,0.0014663168084775202,8,2,2,False,COMPLETE
23,24.715270279126344,2026-05-25 22:52:31.765658,2026-05-26 00:09:43.333862,0 days 01:17:11.568204,1024,1000000,0.1,0.9872381386831487,4,0.0015368357048999711,1000,5,3,50,1024,512,,,2,256,512,1024.0,,3,0.001486062600097569,8,3,2,False,COMPLETE
24,23.387046702619045,2026-05-26 00:09:43.337146,2026-05-26 01:25:08.454252,0 days 01:15:25.117106,1024,1000000,0.1,0.9904612438339097,4,0.0006522129019281578,1000,5,3,50,512,64,,,2,256,256,1024.0,,3,0.002744658534408974,8,2,2,False,COMPLETE
25,21.725998743142327,2026-05-26 01:25:08.459073,2026-05-26 02:13:40.756754,0 days 00:48:32.297681,1024,100000,0.1,0.9790581921832759,4,0.0015920929554957197,1000,5,2,50,128,256,,,2,128,64,1024.0,,3,0.0015562893858660817,8,3,2,False,COMPLETE
26,19.580673747434048,2026-05-26 02:13:40.759788,2026-05-26 03:15:25.598319,0 days 01:01:44.838531,1024,1000000,0.1,0.9911795825809796,4,0.0009648278651950667,1000,5,3,50,1024,512,1024.0,,3,64,512,1024.0,,3,0.002505213444051624,8,2,4,True,COMPLETE
27,6.024005614242924,2026-05-26 03:15:25.602093,2026-05-26 04:11:49.659299,0 days 00:56:24.057206,256,1000000,0.1,0.9794678811415465,4,0.0018560443824190422,1000,10,3,50,1024,512,,,2,256,512,,,2,0.0038493235024568604,8,1,2,False,COMPLETE
28,3.8556880583055317,2026-05-26 04:11:49.661211,2026-05-26 05:13:11.582520,0 days 01:01:21.921309,512,1000000,0.001,0.9916092896060758,4,0.0004938284324269765,5000,3,3,25,128,256,512.0,256.0,4,256,64,512.0,,3,0.002135119446295966,4,2,2,False,COMPLETE
29,8.57329742352158,2026-05-26 05:13:11.586829,2026-05-26 06:41:44.638020,0 days 01:28:33.051191,1024,100000,0.001,0.9708210689646847,1,0.0007897492706068376,1000,3,2,100,64,1024,256.0,,3,256,512,128.0,512.0,4,0.0063310431638227424,1,3,4,True,COMPLETE
