number,value,datetime_start,datetime_complete,duration,params_bs,params_buf,params_discharge_price_factor,params_ent,params_gamma,params_gs,params_lr,params_lstarts,params_n_steps,params_nc,params_nq,params_pi_l0,params_pi_l1,params_pi_l2,params_pi_l3,params_pi_layers,params_qf_l0,params_qf_l1,params_qf_l2,params_qf_l3,params_qf_layers,params_spawn_multiplier,params_tau,params_tf,params_tqdrop,params_transformer_max_power,params_tui,params_use_sde,user_attrs_yaml_path,state
0,-1.6323124405462295,2026-05-26 06:41:45.109494,2026-05-26 08:41:57.593785,0 days 02:00:12.484291,1024,500000,0.8518312562138632,0.001,0.9677390696247036,8,1.7456037635797413e-05,5000,3,5,50,64,1024,64.0,,3,512,512,512.0,256.0,4,5,0.005595074635794793,1,2,150,4,True,results_tqc_model1/optuna_phase2/trial_0.yaml,COMPLETE
1,8.747943583817687,2026-05-26 08:41:57.595234,2026-05-26 09:50:41.108275,0 days 01:08:43.513041,256,100000,0.9676933234668808,auto,0.9920400675819148,1,2.5082145184394066e-05,1000,1,2,25,64,256,,,2,512,64,512.0,128.0,4,6,0.02360327600127809,8,2,100,4,True,results_tqc_model1/optuna_phase2/trial_1.yaml,COMPLETE
2,14.798228187463792,2026-05-26 09:50:41.112851,2026-05-26 12:00:07.011070,0 days 02:09:25.898219,1024,100000,1.356367912479154,auto,0.9888243600373794,4,1.7006966059793952e-05,1000,3,3,100,256,256,64.0,,3,64,512,256.0,128.0,4,5,0.03386751021623824,1,4,200,2,True,results_tqc_model1/optuna_phase2/trial_2.yaml,COMPLETE
3,28.581611519504804,2026-05-26 12:00:07.013340,2026-05-26 13:33:19.110672,0 days 01:33:12.097332,1024,1000000,1.308263933605863,0.001,0.9733360931576662,1,0.0014905943982528463,10000,10,5,50,128,256,512.0,,3,64,256,256.0,,3,5,0.015283007861169704,8,3,300,4,False,results_tqc_model1/optuna_phase2/trial_3.yaml,COMPLETE
4,-1.3982011213956866,2026-05-26 13:33:19.114288,2026-05-26 14:42:52.414967,0 days 01:09:33.300679,128,100000,1.27810474139145,0.01,0.9045542615601535,8,1.9387687229904063e-05,10000,1,5,25,64,64,512.0,,3,128,512,,,2,2,0.0011727272411645973,1,4,100,4,True,results_tqc_model1/optuna_phase2/trial_4.yaml,COMPLETE
5,40.93681391316932,2026-05-26 14:42:52.418583,2026-05-26 15:45:07.621850,0 days 01:02:15.203267,512,100000,1.3273647296812592,0.1,0.9896328156655071,8,1.0637661751590252e-05,10000,10,3,50,128,128,,,2,512,512,1024.0,512.0,4,6,0.0014292010469027041,1,1,150,4,False,results_tqc_model1/optuna_phase2/trial_5.yaml,COMPLETE
6,15.383903802605346,2026-05-26 15:45:07.624915,2026-05-26 16:57:21.308825,0 days 01:12:13.683910,256,100000,1.066623599641715,0.01,0.9449995654120096,8,0.0005289977994339992,1000,5,5,25,256,128,,,2,512,512,1024.0,256.0,4,4,0.011646685656494989,8,5,300,2,True,results_tqc_model1/optuna_phase2/trial_6.yaml,COMPLETE
7,13.136223448469536,2026-05-26 16:57:21.311012,2026-05-26 18:04:47.440059,0 days 01:07:26.129047,128,1000000,1.122545137622908,auto,0.9388321604648735,1,0.00028926616683428255,1000,3,3,25,1024,128,64.0,64.0,4,1024,1024,512.0,64.0,4,2,0.0055367736598949295,1,1,150,1,True,results_tqc_model1/optuna_phase2/trial_7.yaml,COMPLETE
8,31.400730467401445,2026-05-26 18:04:47.443493,2026-05-26 18:51:06.253220,0 days 00:46:18.809727,1024,1000000,1.4058549881257862,0.001,0.9019870485799949,8,8.601587656840973e-05,10000,3,2,25,256,128,64.0,,3,512,256,256.0,,3,6,0.00352535487632081,4,5,300,2,False,results_tqc_model1/optuna_phase2/trial_8.yaml,COMPLETE
9,20.808886004695523,2026-05-26 18:51:06.254917,2026-05-26 19:38:02.106747,0 days 00:46:55.851830,256,100000,1.1519042730647353,0.001,0.906274122076804,4,2.152590668096769e-05,10000,5,3,50,128,64,,,2,256,256,,,2,5,0.048074274654372584,4,5,150,4,False,results_tqc_model1/optuna_phase2/trial_9.yaml,COMPLETE
10,16.70675689779455,2026-05-26 19:38:02.109898,2026-05-26 20:44:59.318815,0 days 01:06:57.208917,512,500000,1.4907888181077855,0.1,0.9982393787413169,8,8.716170955932335e-05,5000,10,3,100,512,512,128.0,1024.0,4,128,128,1024.0,,3,3,0.0010348965571887164,1,1,200,1,False,results_tqc_model1/optuna_phase2/trial_10.yaml,COMPLETE
11,35.944216075658915,2026-05-26 20:44:59.321226,2026-05-26 21:30:17.362396,0 days 00:45:18.041170,512,1000000,1.487880309744463,0.1,0.9270889108692397,8,7.56508175507452e-05,10000,10,2,50,128,128,,,2,512,256,128.0,,3,6,0.0022031476702276485,4,3,250,2,False,results_tqc_model1/optuna_phase2/trial_11.yaml,COMPLETE
12,36.2229784457013,2026-05-26 21:30:17.364715,2026-05-26 22:15:50.670252,0 days 00:45:33.305537,512,1000000,1.4816464587140459,0.1,0.9306603771919549,8,5.629563922696161e-05,10000,10,2,50,128,128,,,2,512,64,128.0,,3,6,0.0022140534870916198,4,2,250,2,False,results_tqc_model1/optuna_phase2/trial_12.yaml,COMPLETE
13,30.279110543313436,2026-05-26 22:15:50.672546,2026-05-26 23:07:01.568778,0 days 00:51:10.896232,512,1000000,1.2408979616827518,0.1,0.9584675960587901,8,1.0773588532055184e-05,10000,10,2,50,128,128,,,2,1024,64,,,2,4,0.002229525704953011,4,2,250,2,False,results_tqc_model1/optuna_phase2/trial_13.yaml,COMPLETE
14,32.70862005557865,2026-05-26 23:07:01.574006,2026-05-26 23:56:15.669005,0 days 00:49:14.094999,512,500000,1.3958455997302268,0.1,0.9293407915359327,8,5.695168260973928e-05,10000,10,2,50,128,1024,,,2,256,64,128.0,,3,6,0.0018851658776032295,4,1,250,1,False,results_tqc_model1/optuna_phase2/trial_14.yaml,COMPLETE
15,43.25708137613401,2026-05-26 23:56:15.673262,2026-05-27 00:45:53.174164,0 days 00:49:37.500902,512,100000,1.4003135110440137,0.1,0.9782145178518461,4,4.659421322364608e-05,10000,10,3,50,1024,512,,,2,512,1024,64.0,,3,6,0.0035595618463032668,1,2,200,4,False,results_tqc_model1/optuna_phase2/trial_15.yaml,COMPLETE
16,14.176438633064663,2026-05-27 00:45:53.179352,2026-05-27 01:59:29.072768,0 days 01:13:35.893416,512,100000,1.2176106211146744,0.1,0.9799623074143429,4,1.0761563485586976e-05,5000,10,3,100,1024,512,,,2,512,1024,64.0,512.0,4,3,0.003753171088957829,1,1,150,4,False,results_tqc_model1/optuna_phase2/trial_16.yaml,COMPLETE
17,32.395924202744254,2026-05-27 01:59:29.074992,2026-05-27 02:44:36.936209,0 days 00:45:07.861217,512,100000,1.3390816540360064,0.1,0.9814182840569534,4,3.7098807469670266e-05,10000,10,3,50,1024,512,256.0,512.0,4,512,1024,,,2,5,0.00899111260538828,1,2,200,4,False,results_tqc_model1/optuna_phase2/trial_17.yaml,COMPLETE
18,36.61737038823776,2026-05-27 02:44:36.937686,2026-05-27 03:38:59.392494,0 days 00:54:22.454808,512,100000,1.39902527797638,0.1,0.9633013075668087,4,0.00015256541595788883,10000,5,3,50,512,512,,,2,256,128,64.0,,3,4,0.0014615563531535734,1,3,100,4,False,results_tqc_model1/optuna_phase2/trial_18.yaml,COMPLETE
19,14.145796210388653,2026-05-27 03:38:59.394058,2026-05-27 04:22:54.189022,0 days 00:43:54.794964,128,100000,1.2736376484384122,0.01,0.9785859345300859,4,3.537931709543096e-05,5000,1,3,50,1024,512,1024.0,,3,64,1024,1024.0,,3,6,0.0031983839130177954,1,1,150,4,False,results_tqc_model1/optuna_phase2/trial_19.yaml,COMPLETE
20,27.153923917503562,2026-05-27 04:22:54.191185,2026-05-27 05:17:11.860372,0 days 00:54:17.669187,512,100000,1.204349787509566,0.1,0.9875998147619224,4,1.042694044128319e-05,10000,10,3,100,1024,64,128.0,,3,128,1024,64.0,512.0,4,4,0.001490591483815296,1,2,200,4,False,results_tqc_model1/optuna_phase2/trial_20.yaml,COMPLETE
21,24.740987381344894,2026-05-27 05:17:11.861995,2026-05-27 05:48:13.684521,0 days 00:31:01.822526,512,100000,1.4097972679774442,0.1,0.9636744791008282,4,0.00016831866339947393,10000,5,3,50,512,512,,,2,256,128,64.0,,3,3,0.0013888763267097535,1,3,100,4,False,results_tqc_model1/optuna_phase2/trial_21.yaml,COMPLETE
22,34.80707389689633,2026-05-27 05:48:13.686498,2026-05-27 06:33:32.197430,0 days 00:45:18.510932,512,100000,1.3558360202348592,0.1,0.968920673447999,4,0.00014147529403156793,10000,5,3,50,512,512,,,2,256,128,64.0,,3,4,0.001575119192738164,1,4,100,4,False,results_tqc_model1/optuna_phase2/trial_22.yaml,COMPLETE
23,33.381976544281315,2026-05-27 06:33:32.199560,2026-05-27 07:22:32.289639,0 days 00:49:00.090079,512,100000,1.4211488199377549,0.1,0.9581642392484954,4,3.661730007187329e-05,10000,5,3,50,512,512,,,2,256,128,64.0,,3,5,0.001015510790528994,1,3,100,4,False,results_tqc_model1/optuna_phase2/trial_23.yaml,COMPLETE
24,18.899634048524604,2026-05-27 07:22:32.291478,2026-05-27 08:00:28.726822,0 days 00:37:56.435344,512,100000,1.3085187700182281,0.1,0.9736805686935496,4,0.0001385847218164703,10000,5,3,50,512,512,,,2,1024,128,1024.0,,3,3,0.002861745745730591,1,2,150,4,False,results_tqc_model1/optuna_phase2/trial_24.yaml,COMPLETE
25,26.60337380094279,2026-05-27 08:00:28.728101,2026-05-27 08:30:21.296147,0 days 00:29:52.568046,512,500000,1.4335613458341177,0.1,0.9988319125252864,1,0.00022820796286031502,10000,10,3,50,1024,1024,,,2,256,512,,,2,5,0.0016455549620436078,8,1,200,1,False,results_tqc_model1/optuna_phase2/trial_25.yaml,COMPLETE
26,33.65769452758832,2026-05-27 08:30:21.297363,2026-05-27 09:00:57.014436,0 days 00:30:35.717073,512,100000,1.3571573139128728,0.1,0.9826583561271314,4,3.0606056871328554e-05,10000,5,3,50,512,512,,,2,512,128,64.0,,3,4,0.004218341338811122,1,3,150,4,False,results_tqc_model1/optuna_phase2/trial_26.yaml,COMPLETE
27,6.816258196928175,2026-05-27 09:00:57.016048,2026-05-27 09:48:12.506865,0 days 00:47:15.490817,128,100000,1.303714444544182,0.01,0.9566532109165535,4,5.1101163354177005e-05,10000,1,3,50,512,512,,,2,512,1024,64.0,1024.0,4,6,0.002671092294336868,1,4,100,4,False,results_tqc_model1/optuna_phase2/trial_27.yaml,COMPLETE
28,46.039853271562606,2026-05-27 09:48:12.510331,2026-05-27 10:49:40.348670,0 days 01:01:27.838339,256,100000,1.4357477701773753,auto,0.9740322436527958,1,0.00010811578025207922,1000,10,3,100,128,128,256.0,,3,256,512,1024.0,,3,4,0.0012881087670782996,1,2,200,4,False,results_tqc_model1/optuna_phase2/trial_28.yaml,COMPLETE
29,45.6926309861592,2026-05-27 10:49:40.351242,2026-05-27 12:25:13.577083,0 days 01:35:33.225841,256,500000,1.4405611391147681,auto,0.9723718224806794,1,1.605873046279884e-05,1000,10,5,100,128,128,256.0,256.0,4,512,512,1024.0,512.0,4,5,0.002135797335911738,1,2,200,4,True,results_tqc_model1/optuna_phase2/trial_29.yaml,COMPLETE
