number,value,datetime_start,datetime_complete,duration,params_bs,params_buf,params_discharge_price_factor,params_ent,params_gamma,params_gs,params_lr,params_lstarts,params_n_layers,params_n_steps,params_pi_l0,params_pi_l1,params_pi_l2,params_pi_l3,params_qf_l0,params_qf_l1,params_qf_l2,params_qf_l3,params_spawn_multiplier,params_tau,params_tf,params_transformer_max_power,params_tui,params_use_sde,user_attrs_yaml_path,state
0,5.356593179356423,2026-05-25 23:52:48.540443,2026-05-26 01:00:11.616462,0 days 01:07:23.076019,128,100000,0.9966541567811665,auto,0.9064401077055427,4,2.644898018392709e-05,10000,3,10,64,128,64.0,,1024,1024,1024.0,,3,0.04093813608598782,4,200,2,True,results_sac_model1/optuna_phase2/trial_0.yaml,COMPLETE
1,22.419589493919375,2026-05-26 01:00:11.618600,2026-05-26 01:54:28.082394,0 days 00:54:16.463794,512,100000,1.3652081086148438,0.1,0.9878340615150564,4,0.00037958335792652855,1000,2,10,256,128,,,512,1024,,,4,0.006342770438858343,4,300,4,True,results_sac_model1/optuna_phase2/trial_1.yaml,COMPLETE
2,2.065361594351998,2026-05-26 01:54:28.084723,2026-05-26 02:37:21.701143,0 days 00:42:53.616420,128,100000,1.2836564166717261,0.001,0.9281992089433693,1,5.5630383817388924e-05,5000,2,10,1024,128,,,128,128,,,2,0.0011552336139147126,4,150,1,False,results_sac_model1/optuna_phase2/trial_2.yaml,COMPLETE
3,3.687581430305727,2026-05-26 02:37:21.703562,2026-05-26 03:36:30.605980,0 days 00:59:08.902418,256,100000,1.3957956700618,0.001,0.965103676337734,1,0.0012694902219599024,5000,4,1,512,256,512.0,512.0,1024,512,256.0,512.0,3,0.009237177101041926,1,150,1,True,results_sac_model1/optuna_phase2/trial_3.yaml,COMPLETE
4,1.512145642118412,2026-05-26 03:36:30.609770,2026-05-26 04:22:53.459356,0 days 00:46:22.849586,512,1000000,1.3566303363380925,0.01,0.9790312227177107,4,0.00017470956128610494,10000,2,5,128,128,,,64,512,,,3,0.01271361987471578,4,150,1,False,results_sac_model1/optuna_phase2/trial_4.yaml,COMPLETE
5,20.468776041976525,2026-05-26 04:22:53.461502,2026-05-26 05:22:07.582669,0 days 00:59:14.121167,512,500000,0.8498320539221603,0.1,0.9171469851210915,4,0.00014888364300159947,1000,3,3,256,1024,512.0,,128,64,64.0,,5,0.005458847204522432,4,150,4,True,results_sac_model1/optuna_phase2/trial_5.yaml,COMPLETE
6,11.432568346353946,2026-05-26 05:22:07.585984,2026-05-26 06:33:23.856069,0 days 01:11:16.270085,128,500000,1.3440028411492058,0.1,0.9665793271516268,8,6.518413863813437e-05,1000,4,3,128,128,512.0,512.0,1024,512,1024.0,64.0,2,0.018978494465076153,4,200,2,False,results_sac_model1/optuna_phase2/trial_6.yaml,COMPLETE
7,3.458859073856729,2026-05-26 06:33:23.860517,2026-05-26 07:49:38.300613,0 days 01:16:14.440096,512,500000,1.0635243568146349,0.1,0.9578471168803869,1,0.00035853987170714224,5000,3,3,64,1024,128.0,,512,256,64.0,,2,0.03396568901837499,8,300,4,True,results_sac_model1/optuna_phase2/trial_7.yaml,COMPLETE
8,-5.508439070501481,2026-05-26 07:49:38.304337,2026-05-26 09:00:11.619241,0 days 01:10:33.314904,1024,1000000,0.9273160590794014,0.001,0.9697038970418231,1,0.0003440186396263576,10000,4,5,512,64,256.0,128.0,128,512,256.0,64.0,5,0.0023004866767875843,8,150,4,True,results_sac_model1/optuna_phase2/trial_8.yaml,COMPLETE
9,4.241689076647162,2026-05-26 09:00:11.622413,2026-05-26 10:20:42.870305,0 days 01:20:31.247892,256,500000,0.9305969168359141,auto,0.9527291093790473,8,0.0001283200982556771,1000,4,10,128,128,1024.0,1024.0,64,1024,256.0,128.0,2,0.0025819635835541655,1,150,1,True,results_sac_model1/optuna_phase2/trial_9.yaml,COMPLETE
10,-10.649685808821232,2026-05-26 10:20:42.872059,2026-05-26 11:30:13.459485,0 days 01:09:30.587426,1024,100000,1.2082592403412016,0.01,0.9962944568381917,4,1.2471739064851727e-05,1000,2,1,256,512,,,512,1024,,,6,0.005838997185321733,1,300,4,False,results_sac_model1/optuna_phase2/trial_10.yaml,COMPLETE
11,17.965167290883983,2026-05-26 11:30:13.463203,2026-05-26 12:46:18.522974,0 days 01:16:05.059771,512,500000,0.8369405461939441,0.1,0.9260233865163476,4,0.001293894901571838,1000,3,3,256,1024,512.0,,256,64,512.0,,5,0.005515637285461023,4,250,4,True,results_sac_model1/optuna_phase2/trial_11.yaml,COMPLETE
12,57.66480044348282,2026-05-26 12:46:18.524993,2026-05-26 13:52:54.530773,0 days 01:06:36.005780,512,100000,1.4873275003185715,0.1,0.938438796782159,4,0.002517670852736086,1000,2,3,256,1024,,,512,64,,,5,0.0047439719077788526,4,100,4,True,results_sac_model1/optuna_phase2/trial_12.yaml,COMPLETE
13,32.44767974719616,2026-05-26 13:52:54.532356,2026-05-26 14:50:52.172458,0 days 00:57:57.640102,512,100000,1.4902735986012217,0.1,0.9431738835236557,4,0.0015906860806188512,1000,2,10,256,256,,,512,64,,,4,0.0035014473580334093,4,100,4,True,results_sac_model1/optuna_phase2/trial_13.yaml,COMPLETE
14,1.8139123893924989,2026-05-26 14:50:52.176489,2026-05-26 15:46:46.164686,0 days 00:55:53.988197,512,100000,1.488034718120406,0.1,0.9413972541459253,4,0.0027916054274855304,1000,2,10,256,256,,,512,64,,,4,0.003201913094766442,8,100,4,True,results_sac_model1/optuna_phase2/trial_14.yaml,COMPLETE
15,32.44534532955731,2026-05-26 15:46:46.168152,2026-05-26 16:34:48.547861,0 days 00:48:02.379709,512,100000,1.4995054339586407,0.1,0.9442305992122284,4,0.0029104751722719533,1000,2,3,1024,256,,,512,64,,,6,0.0037040785266244025,4,100,4,True,results_sac_model1/optuna_phase2/trial_15.yaml,COMPLETE
16,35.22830996061384,2026-05-26 16:34:48.549957,2026-05-26 17:20:11.767731,0 days 00:45:23.217774,512,1000000,1.1812615180632169,0.1,0.9436854757306675,8,0.0010957955982228789,1000,2,5,256,64,,,256,64,,,5,0.001651109865666666,4,100,2,True,results_sac_model1/optuna_phase2/trial_16.yaml,COMPLETE
17,14.436380876650219,2026-05-26 17:20:11.768778,2026-05-26 18:11:55.067771,0 days 00:51:43.298993,256,1000000,1.1255573387307132,0.01,0.9348069335549902,8,0.0007558555396844767,1000,3,5,256,64,1024.0,,256,128,128.0,,5,0.0014813871407967129,4,100,2,True,results_sac_model1/optuna_phase2/trial_17.yaml,COMPLETE
18,25.436188901076093,2026-05-26 18:11:55.070297,2026-05-26 18:56:23.583532,0 days 00:44:28.513235,1024,1000000,1.1929528292607405,auto,0.9499806691134518,8,0.0006685102105830915,10000,2,5,256,64,,,256,256,,,6,0.0016533933839287442,1,250,2,False,results_sac_model1/optuna_phase2/trial_18.yaml,COMPLETE
19,24.975643121342728,2026-05-26 18:56:23.587317,2026-05-26 19:48:28.613594,0 days 00:52:05.026277,512,1000000,1.2587897624230233,0.1,0.9345668678403499,8,0.0020634308498221577,5000,3,5,512,512,128.0,,256,64,128.0,,5,0.0019631474219483904,8,100,2,True,results_sac_model1/optuna_phase2/trial_19.yaml,COMPLETE
20,30.040468343446264,2026-05-26 19:48:28.615055,2026-05-26 20:43:08.746677,0 days 00:54:40.131622,512,1000000,1.112127226944962,0.1,0.9165583576444625,8,0.0008934271826277437,1000,2,1,64,1024,,,256,64,,,6,0.0010406545903137731,4,200,2,True,results_sac_model1/optuna_phase2/trial_20.yaml,COMPLETE
21,32.222489502320514,2026-05-26 20:43:08.748343,2026-05-26 21:31:12.207603,0 days 00:48:03.459260,512,100000,1.4325456117596118,0.1,0.9466326051709132,4,0.0017629883054077892,1000,2,10,256,256,,,512,64,,,4,0.0033119256174508967,4,100,4,True,results_sac_model1/optuna_phase2/trial_21.yaml,COMPLETE
22,37.51813114183369,2026-05-26 21:31:12.209118,2026-05-26 22:19:28.897269,0 days 00:48:16.688151,512,100000,1.436309240186091,0.1,0.9574458456295513,4,0.001357595308053658,1000,2,3,256,64,,,512,64,,,4,0.004054798692512994,4,100,4,True,results_sac_model1/optuna_phase2/trial_22.yaml,COMPLETE
23,11.724001866972685,2026-05-26 22:19:28.899641,2026-05-26 23:17:39.147343,0 days 00:58:10.247702,512,100000,1.2917390772763104,0.1,0.9551769926315412,8,0.002994380175853274,1000,2,3,256,64,,,512,64,,,4,0.004536276809496576,4,100,2,True,results_sac_model1/optuna_phase2/trial_23.yaml,COMPLETE
24,31.821934131799935,2026-05-26 23:17:39.148869,2026-05-27 00:07:14.657312,0 days 00:49:35.508443,512,1000000,1.417910490396037,0.1,0.9584205807322465,4,0.00126526124742478,1000,2,3,1024,64,,,64,64,,,5,0.0025697613599027303,4,100,4,True,results_sac_model1/optuna_phase2/trial_24.yaml,COMPLETE
25,38.79072265667128,2026-05-27 00:07:14.660192,2026-05-27 01:01:23.683542,0 days 00:54:09.023350,512,100000,1.4348514012506193,0.1,0.9396159493336459,8,0.0007669688429487253,1000,2,3,256,64,,,256,128,,,4,0.008296057655596973,4,150,2,True,results_sac_model1/optuna_phase2/trial_25.yaml,COMPLETE
26,23.372076735679002,2026-05-27 01:01:23.684684,2026-05-27 01:57:46.821960,0 days 00:56:23.137276,256,100000,1.4324727296203479,0.001,0.9355810711818102,4,0.0005879206521012796,1000,3,3,256,64,64.0,,512,128,512.0,,3,0.008343471927578072,4,150,4,False,results_sac_model1/optuna_phase2/trial_26.yaml,COMPLETE
27,14.87835929141147,2026-05-27 01:57:46.824918,2026-05-27 02:49:38.234981,0 days 00:51:51.410063,1024,100000,1.44015106035151,auto,0.9601744496999904,4,0.001984417258204427,1000,2,3,256,1024,,,512,128,,,4,0.008092130789631252,4,150,4,True,results_sac_model1/optuna_phase2/trial_27.yaml,COMPLETE
28,18.57518106966745,2026-05-27 02:49:38.238832,2026-05-27 03:40:38.982605,0 days 00:51:00.743773,128,100000,1.3294672678942756,0.01,0.950820301897033,1,0.0008876999493970595,10000,2,3,256,64,,,256,128,,,3,0.00426329812319627,1,150,1,True,results_sac_model1/optuna_phase2/trial_28.yaml,COMPLETE
29,35.1941942492449,2026-05-27 03:40:38.985489,2026-05-27 04:25:19.537590,0 days 00:44:40.552101,128,100000,1.384055754091405,auto,0.9014566800587069,8,0.0005017993391270885,5000,3,3,64,512,256.0,,1024,256,512.0,,4,0.010981159436673231,8,200,2,True,results_sac_model1/optuna_phase2/trial_29.yaml,COMPLETE
