number,value,datetime_start,datetime_complete,duration,params_bs,params_buf,params_ent,params_gamma,params_gs,params_lr,params_lstarts,params_n_layers,params_n_steps,params_pi_l0,params_pi_l1,params_pi_l2,params_pi_l3,params_qf_l0,params_qf_l1,params_qf_l2,params_qf_l3,params_tau,params_tf,params_tui,params_use_sde,state
0,5.549869250971824,2026-05-24 21:38:39.249304,2026-05-24 22:48:40.175404,0 days 01:10:00.926100,128,100000,auto,0.9064401077055427,4,2.644898018392709e-05,10000,3,10,64,128,64.0,,1024,1024,1024.0,,0.04093813608598782,4,2,True,COMPLETE
1,-5.109400186120183,2026-05-24 22:48:40.176771,2026-05-24 23:43:51.428233,0 days 00:55:11.251462,128,100000,0.01,0.9488857640400747,8,0.0008124173472387218,1000,3,10,512,64,256.0,,128,1024,512.0,,0.0077287168618517844,1,2,False,COMPLETE
2,9.291798343554547,2026-05-24 23:43:51.431942,2026-05-25 00:32:59.468058,0 days 00:49:08.036116,128,1000000,auto,0.9040367390139217,1,2.8975368407468512e-05,5000,4,5,64,256,256.0,1024.0,512,256,64.0,512.0,0.010090423315981844,8,4,True,COMPLETE
3,7.745331464742776,2026-05-25 00:32:59.470303,2026-05-25 01:16:09.978761,0 days 00:43:10.508458,512,100000,0.01,0.9944389291232562,1,0.002136141161126524,10000,4,10,512,256,1024.0,1024.0,64,128,64.0,64.0,0.03583662952414403,8,2,False,COMPLETE
4,13.884794482786674,2026-05-25 01:16:09.980775,2026-05-25 02:04:52.631435,0 days 00:48:42.650660,128,500000,0.1,0.9827620319307084,8,0.002424358542659744,5000,4,1,64,256,128.0,1024.0,512,64,256.0,64.0,0.015220863805013191,4,1,False,COMPLETE
5,-6.51213470264338,2026-05-25 02:04:52.632847,2026-05-25 02:46:26.714793,0 days 00:41:34.081946,512,100000,auto,0.9023039216378468,4,0.0012383932905352317,10000,3,3,64,64,256.0,,512,64,256.0,,0.024196776966344636,4,4,False,COMPLETE
6,2.8019388819484448,2026-05-25 02:46:26.718623,2026-05-25 03:33:45.503871,0 days 00:47:18.785248,256,500000,0.001,0.9769375446768163,8,1.6100575513330655e-05,10000,4,3,512,1024,128.0,512.0,256,512,256.0,256.0,0.008886117889403277,8,2,True,COMPLETE
7,-0.7204087156906667,2026-05-25 03:33:45.507082,2026-05-25 04:28:03.885259,0 days 00:54:18.378177,128,1000000,0.01,0.9833697733904352,8,0.0025269437237744057,1000,4,3,512,128,1024.0,256.0,1024,128,64.0,128.0,0.0265641132495407,1,4,False,COMPLETE
8,8.923102694330737,2026-05-25 04:28:03.888797,2026-05-25 05:31:57.030151,0 days 01:03:53.141354,1024,100000,0.1,0.9660882161135818,1,0.00014930022183601405,1000,4,3,512,64,512.0,1024.0,64,128,64.0,1024.0,0.0019623040144383023,4,1,False,COMPLETE
9,12.910900528542697,2026-05-25 05:31:57.033815,2026-05-25 06:30:22.611490,0 days 00:58:25.577675,128,100000,0.1,0.9282244217006909,1,2.8983387329173143e-05,1000,4,3,512,512,128.0,256.0,64,64,512.0,512.0,0.0019704097052343802,8,2,False,COMPLETE
10,1.5475586057946202,2026-05-25 06:30:22.624792,2026-05-25 07:33:24.103696,0 days 01:03:01.478904,1024,500000,0.1,0.9961696348832757,8,0.0004359796008533686,5000,2,1,128,256,,,512,64,,,0.003570893330457448,4,1,True,COMPLETE
11,14.89555621589534,2026-05-25 07:33:24.105156,2026-05-25 08:13:59.721967,0 days 00:40:35.616811,128,500000,0.1,0.9373719342531662,1,0.00010132520278033152,5000,2,1,256,512,,,64,64,,,0.0011217165439556928,8,1,False,COMPLETE
12,3.524204269785514,2026-05-25 08:13:59.724045,2026-05-25 08:53:53.003842,0 days 00:39:53.279797,256,500000,0.1,0.9477076615816451,8,0.00016303104732744915,5000,2,1,256,512,,,256,64,,,0.00115230313950409,8,1,False,COMPLETE
13,11.875384897106414,2026-05-25 08:53:53.005691,2026-05-25 09:45:41.615628,0 days 00:51:48.609937,128,500000,0.1,0.9619737945578203,1,0.00031923178178400684,5000,2,1,256,512,,,128,64,,,0.016817284620162132,4,1,False,COMPLETE
14,-8.922746237367392,2026-05-25 09:45:41.616797,2026-05-25 10:39:12.923613,0 days 00:53:31.306816,128,500000,0.001,0.9373226011058714,4,7.824311011126832e-05,5000,2,1,1024,1024,,,512,256,,,0.00403672667914065,1,1,False,COMPLETE
15,19.554171970288735,2026-05-25 10:39:12.925845,2026-05-25 11:34:40.269928,0 days 00:55:27.344083,128,500000,0.1,0.9599825813678494,1,7.890385312355898e-05,5000,3,1,256,512,128.0,,64,512,128.0,,0.013368997405354565,8,1,False,COMPLETE
16,5.19570934845251,2026-05-25 11:34:40.274085,2026-05-25 12:34:48.302163,0 days 01:00:08.028078,256,500000,0.1,0.9303650542301798,1,7.413261905199685e-05,5000,3,5,256,512,512.0,,64,512,128.0,,0.005062987765567869,8,1,False,COMPLETE
17,19.510963574866764,2026-05-25 12:34:48.307294,2026-05-25 13:30:46.348369,0 days 00:55:58.041075,512,500000,0.1,0.9587878676323297,1,5.8847649089583576e-05,5000,2,1,256,512,,,64,512,,,0.0054792727159164185,8,1,False,COMPLETE
18,11.238238571910188,2026-05-25 13:30:46.350465,2026-05-25 14:22:02.557874,0 days 00:51:16.207409,512,1000000,0.001,0.9643540589528741,1,4.715882412450615e-05,5000,3,1,256,512,64.0,,64,512,128.0,,0.01218188866522852,8,1,True,COMPLETE
19,16.967685983981937,2026-05-25 14:22:02.560706,2026-05-25 15:13:56.732323,0 days 00:51:54.171617,512,500000,0.1,0.9545674291607775,1,1.2761008387252803e-05,5000,3,1,1024,512,128.0,,64,512,128.0,,0.006122058506912123,8,1,False,COMPLETE
20,20.494829317671247,2026-05-25 15:13:56.737596,2026-05-25 16:14:32.038910,0 days 01:00:35.301314,512,500000,0.1,0.9681616663562468,1,4.6551967299742037e-05,5000,2,5,128,512,,,64,512,,,0.007304804382270089,8,4,False,COMPLETE
21,21.192268868820975,2026-05-25 16:14:32.040746,2026-05-25 17:08:13.451496,0 days 00:53:41.410750,512,500000,0.1,0.9692050376922476,1,5.063628382669558e-05,5000,2,5,128,512,,,64,512,,,0.007278942749087096,8,4,False,COMPLETE
22,20.08522661004099,2026-05-25 17:08:13.454567,2026-05-25 17:50:45.150598,0 days 00:42:31.696031,512,500000,0.1,0.9727849859481755,1,4.2767151994082175e-05,5000,2,5,128,512,,,64,512,,,0.011878735373469475,8,4,False,COMPLETE
23,20.280981693184003,2026-05-25 17:50:45.154033,2026-05-25 18:29:00.038527,0 days 00:38:14.884494,512,500000,0.1,0.9723498106504803,1,4.717883691986239e-05,5000,2,5,128,512,,,64,512,,,0.008828760117330678,8,4,False,COMPLETE
24,22.972073993470985,2026-05-25 18:29:00.040203,2026-05-25 19:13:02.170258,0 days 00:44:02.130055,512,500000,0.1,0.9722775150803775,1,0.00011589728500921236,5000,2,5,128,512,,,64,512,,,0.007683406496689607,8,4,False,COMPLETE
25,8.686728210966976,2026-05-25 19:13:02.172102,2026-05-25 20:00:39.086894,0 days 00:47:36.914792,512,1000000,0.1,0.9692718281596778,4,0.00012420526787249158,5000,2,5,128,1024,,,1024,512,,,0.006804232651761744,1,4,False,COMPLETE
26,9.840532138943672,2026-05-25 20:00:39.090010,2026-05-25 20:56:51.203724,0 days 00:56:12.113714,512,500000,auto,0.9804370756831945,1,0.00023653469607598767,5000,2,5,128,128,,,256,512,,,0.007272431094594934,8,4,True,COMPLETE
27,4.018845890241209,2026-05-25 20:56:51.206564,2026-05-25 21:43:45.970850,0 days 00:46:54.764286,512,500000,0.001,0.9873593183491619,1,0.00011425912369793367,5000,2,5,128,512,,,128,512,,,0.004600625269614333,8,4,False,COMPLETE
28,3.073803955929179,2026-05-25 21:43:45.972117,2026-05-25 22:39:40.834199,0 days 00:55:54.862082,1024,500000,0.01,0.9740302869604979,1,0.0002462330477230773,10000,2,5,128,512,,,64,1024,,,0.003356686238053481,8,4,False,COMPLETE
29,7.734502361762679,2026-05-25 22:39:40.836032,2026-05-25 23:52:48.031566,0 days 01:13:07.195534,512,1000000,auto,0.9878266717609662,4,2.430747932793491e-05,1000,2,5,128,128,,,1024,256,,,0.009294971542541518,1,4,True,COMPLETE
