number,value,datetime_start,datetime_complete,duration,params_bs,params_buf,params_ent,params_gamma,params_gs,params_lr,params_lstarts,params_n_layers,params_n_steps,params_pd,params_pi_l0,params_pi_l1,params_pi_l2,params_pi_l3,params_qf_l0,params_qf_l1,params_qf_l2,params_qf_l3,params_qf_lr,params_tf,params_use_sde,state
0,1.4551740256702033,2026-05-24 21:37:40.065620,2026-05-24 22:14:01.356199,0 days 00:36:21.290579,128,100000,0.01,0.99393966818808,4,2.644898018392709e-05,5000,3,5,1,64,128,64.0,,1024,1024,1024.0,,1.4492412389916857e-05,4,False,COMPLETE
1,1.6328007676929701,2026-05-24 22:14:01.357192,2026-05-24 22:42:26.093640,0 days 00:28:24.736448,1024,1000000,auto,0.9307872498498506,4,6.601984958164861e-05,5000,2,3,1,64,256,,,128,512,,,1.436950276899066e-05,4,True,COMPLETE
2,11.848277932964265,2026-05-24 22:42:26.094790,2026-05-24 23:44:34.659465,0 days 01:02:08.564675,256,1000000,0.1,0.9239634718796386,4,0.00016309244205756727,5000,4,5,5,256,512,1024.0,128.0,128,128,512.0,256.0,0.0027642396337073934,1,True,COMPLETE
3,0.40389780070836423,2026-05-24 23:44:34.660645,2026-05-25 00:07:42.978783,0 days 00:23:08.318138,256,500000,0.1,0.9963280449204921,4,4.53877257250326e-05,1000,4,3,5,256,512,512.0,1024.0,512,256,512.0,64.0,4.021535729341343e-05,4,True,COMPLETE
4,10.627666130385478,2026-05-25 00:07:42.979979,2026-05-25 00:24:09.830103,0 days 00:16:26.850124,512,1000000,0.1,0.9643464291469988,4,0.00017470956128610494,5000,2,5,5,128,128,,,64,512,,,0.0009494540587325816,4,False,COMPLETE
5,-5.153632081062824,2026-05-25 00:24:09.831271,2026-05-25 00:58:53.918701,0 days 00:34:44.087430,512,1000000,auto,0.9370866488480206,8,0.0003742863434150556,5000,4,1,3,256,256,1024.0,512.0,128,64,64.0,1024.0,1.2948621180950685e-05,8,False,COMPLETE
6,7.736723733423787,2026-05-25 00:58:53.920159,2026-05-25 01:57:48.495888,0 days 00:58:54.575729,128,500000,0.01,0.9744850784143303,8,6.518413863813437e-05,100,4,5,3,128,128,512.0,512.0,1024,512,1024.0,64.0,0.00046335063414884434,4,True,COMPLETE
7,5.907815002952702,2026-05-25 01:57:48.497331,2026-05-25 02:13:46.852021,0 days 00:15:58.354690,128,500000,0.01,0.9451100185257856,8,0.0022609163158429113,1000,4,5,3,256,64,1024.0,128.0,512,256,64.0,256.0,0.001604321269974687,8,True,COMPLETE
8,-5.4983356990269385,2026-05-25 02:13:46.853317,2026-05-25 02:24:56.350873,0 days 00:11:09.497556,1024,1000000,auto,0.9210834519893821,1,0.0003440186396263576,5000,4,3,1,512,64,256.0,128.0,128,512,256.0,64.0,0.0005547418858562966,8,True,COMPLETE
9,4.928199523041258,2026-05-25 02:24:56.352031,2026-05-25 02:48:37.822466,0 days 00:23:41.470435,512,500000,0.1,0.9621621385595999,4,1.2513561638313206e-05,5000,2,5,5,1024,128,,,128,1024,,,0.0009555127585604457,4,False,COMPLETE
10,9.522808137400716,2026-05-25 02:48:37.824151,2026-05-25 03:03:02.879467,0 days 00:14:25.055316,256,100000,0.1,0.9012188057869288,1,0.0011861452425253848,100,3,1,5,512,512,128.0,,256,128,512.0,,0.002530655881867899,1,True,COMPLETE
11,10.673802879388859,2026-05-25 03:03:02.881061,2026-05-25 03:38:59.716147,0 days 00:35:56.835086,512,1000000,0.1,0.9559814739571604,4,0.000217122302583139,5000,2,5,5,128,1024,,,64,128,,,0.002815843476592067,1,False,COMPLETE
12,11.630737410894653,2026-05-25 03:38:59.717481,2026-05-25 04:25:31.618305,0 days 00:46:31.900824,256,1000000,0.1,0.9178147947806526,4,0.00017805611745877635,5000,3,5,5,128,1024,1024.0,,64,128,128.0,,0.0021709281635464575,1,False,COMPLETE
13,12.60380060521129,2026-05-25 04:25:31.619869,2026-05-25 05:30:29.674500,0 days 01:04:58.054631,256,1000000,0.1,0.9157271879872865,4,0.00012769751763508556,5000,3,5,5,1024,1024,1024.0,,64,128,128.0,,0.00022606108640713175,1,False,COMPLETE
14,3.7409381637116894,2026-05-25 05:30:29.676734,2026-05-25 07:01:54.430369,0 days 01:31:24.753635,256,1000000,0.1,0.9027077425886425,4,9.307830924315713e-05,1000,3,5,5,1024,1024,1024.0,,256,128,128.0,,0.00015620728585366423,1,True,COMPLETE
15,14.922102116433507,2026-05-25 07:01:54.432531,2026-05-25 07:25:35.533576,0 days 00:23:41.101045,256,1000000,0.1,0.9176091689705016,1,0.0005029633311113772,100,3,5,5,1024,512,1024.0,,64,128,128.0,,0.00016722584045117723,1,False,COMPLETE
16,9.418224701399595,2026-05-25 07:25:35.534796,2026-05-25 07:35:58.779920,0 days 00:10:23.245124,256,100000,0.1,0.9141610250045031,1,0.0006972089309189254,100,3,1,5,1024,1024,64.0,,64,64,128.0,,0.00016967945522161816,1,False,COMPLETE
17,13.963904036153508,2026-05-25 07:35:58.781332,2026-05-25 07:46:47.605252,0 days 00:10:48.823920,256,1000000,0.1,0.9410552400292054,1,0.0006686521514787141,100,3,5,5,1024,512,256.0,,64,128,128.0,,8.34905087549795e-05,1,False,COMPLETE
18,1.945443169097416,2026-05-25 07:46:47.606261,2026-05-25 08:00:39.235270,0 days 00:13:51.629009,256,1000000,auto,0.941267669062769,1,0.0007274000868866704,100,3,1,1,1024,512,256.0,,64,128,128.0,,6.629503536767796e-05,1,False,COMPLETE
19,7.8860594084108016,2026-05-25 08:00:39.237541,2026-05-25 08:40:34.190506,0 days 00:39:54.952965,1024,100000,0.01,0.9330407290620996,1,0.002596650035628876,100,3,3,3,1024,512,256.0,,64,128,256.0,,7.265747750201654e-05,1,False,COMPLETE
20,14.067165086558816,2026-05-25 08:40:34.191787,2026-05-25 08:49:58.333245,0 days 00:09:24.141458,256,1000000,0.1,0.9457518820342528,1,0.0013265354268621322,100,2,5,5,1024,512,,,64,256,,,0.00028487186503942097,1,False,COMPLETE
21,15.767307552729108,2026-05-25 08:49:58.334556,2026-05-25 09:04:15.939307,0 days 00:14:17.604751,256,1000000,0.1,0.9494555609349561,1,0.0011522051592431541,100,2,5,5,1024,512,,,64,256,,,0.00027625696356131223,1,False,COMPLETE
22,14.185794280861955,2026-05-25 09:04:15.940659,2026-05-25 09:19:10.872378,0 days 00:14:54.931719,256,1000000,0.1,0.9499033052681228,1,0.0013446051278425415,100,2,5,5,1024,512,,,64,256,,,0.0002821403439407874,1,False,COMPLETE
23,15.732895537852528,2026-05-25 09:19:10.873820,2026-05-25 09:31:04.850512,0 days 00:11:53.976692,256,1000000,0.1,0.9526554337333066,1,0.0012455764364615331,100,2,5,5,1024,512,,,64,256,,,0.0004118722551122303,1,False,COMPLETE
24,14.036578988756446,2026-05-25 09:31:04.852676,2026-05-25 09:40:08.008567,0 days 00:09:03.155891,256,1000000,0.1,0.9544368063005898,1,0.0004650270560138678,100,2,5,5,1024,512,,,64,256,,,0.0003638540951882947,1,False,COMPLETE
25,-4.222475841437699,2026-05-25 09:40:08.009612,2026-05-25 09:44:27.915147,0 days 00:04:19.905535,256,1000000,0.1,0.9255642717513805,1,0.0018369214273252828,100,2,5,5,1024,512,,,256,256,,,0.0006198363954515295,8,False,COMPLETE
26,12.869887736695546,2026-05-25 09:44:27.916332,2026-05-25 09:59:20.434945,0 days 00:14:52.518613,256,1000000,0.1,0.9347403524456547,1,0.0009836702734828417,100,2,5,5,64,64,,,1024,256,,,0.00015827666183976894,1,False,COMPLETE
27,16.05685819155042,2026-05-25 09:59:20.436215,2026-05-25 10:52:30.069746,0 days 00:53:09.633531,1024,1000000,0.1,0.9090263657695781,1,0.002864744853608331,100,2,5,5,512,512,,,512,256,,,0.0003597366007170793,1,False,COMPLETE
28,9.980720102292253,2026-05-25 10:52:30.071674,2026-05-25 11:37:14.656810,0 days 00:44:44.585136,1024,100000,auto,0.9109927509522113,1,0.002594075579640643,100,2,3,3,512,256,,,512,256,,,0.0003918399105688546,1,False,COMPLETE
29,28.02458966471022,2026-05-25 11:37:14.658029,2026-05-25 12:53:30.573853,0 days 01:16:15.915824,1024,500000,0.01,0.9817073215404615,8,0.0017471756008591484,1000,2,1,1,512,512,,,512,1024,,,0.0007982133360457609,8,False,COMPLETE
