number,value,datetime_start,datetime_complete,duration,params_bs,params_buf,params_discharge_price_factor,params_ent,params_gamma,params_gs,params_lr,params_lstarts,params_n_layers,params_n_steps,params_pd,params_pi_l0,params_pi_l1,params_pi_l2,params_pi_l3,params_qf_l0,params_qf_l1,params_qf_l2,params_qf_l3,params_qf_lr,params_spawn_multiplier,params_tf,params_transformer_max_power,params_use_sde,user_attrs_yaml_path,state
0,10.913936974335229,2026-05-25 12:53:30.768736,2026-05-25 13:30:24.905629,0 days 00:36:54.136893,128,100000,1.3801162564063505,0.01,0.99393966818808,4,2.644898018392709e-05,5000,3,5,1,64,128,64.0,,1024,1024,1024.0,,1.4492412389916857e-05,3,4,150,False,results_crossq_model1/optuna_phase2/trial_0.yaml,COMPLETE
1,2.852037018761621,2026-05-25 13:30:24.907058,2026-05-25 13:35:40.043015,0 days 00:05:15.135957,128,1000000,1.3625704538293801,auto,0.9631181896641661,1,6.390259853593123e-05,1000,2,1,1,1024,512,,,128,64,,,0.0006416866024982445,6,4,100,True,results_crossq_model1/optuna_phase2/trial_1.yaml,COMPLETE
2,1.7705126658693189,2026-05-25 13:35:40.044246,2026-05-25 13:51:19.761055,0 days 00:15:39.716809,1024,100000,0.8651719374641295,0.1,0.9625982772287643,4,0.0006366198782195172,1000,4,1,1,256,512,64.0,64.0,64,256,128.0,64.0,8.147857317658701e-05,3,8,300,False,results_crossq_model1/optuna_phase2/trial_2.yaml,COMPLETE
3,16.14951491203101,2026-05-25 13:51:19.762283,2026-05-25 14:03:19.561587,0 days 00:11:59.799304,512,500000,1.4141611503495688,0.1,0.9715227594108891,1,0.00016596864474821183,5000,4,3,1,1024,64,64.0,512.0,1024,128,512.0,64.0,3.0453734341095454e-05,4,4,250,True,results_crossq_model1/optuna_phase2/trial_3.yaml,COMPLETE
4,12.89054018787283,2026-05-25 14:03:19.563068,2026-05-25 14:39:16.498454,0 days 00:35:56.935386,1024,100000,1.1319216803611276,0.01,0.9268123928749453,4,6.30960749162859e-05,5000,4,5,3,1024,128,512.0,256.0,256,64,128.0,512.0,0.0009327658220954742,5,4,100,False,results_crossq_model1/optuna_phase2/trial_4.yaml,COMPLETE
5,7.580189925902232,2026-05-25 14:39:16.500668,2026-05-25 15:23:44.749778,0 days 00:44:28.249110,512,100000,1.1536766607135,0.01,0.9676176705682193,8,1.1095264801056951e-05,5000,3,3,1,1024,64,64.0,,256,512,64.0,,1.713746833883939e-05,6,4,300,True,results_crossq_model1/optuna_phase2/trial_5.yaml,COMPLETE
6,6.981629057043543,2026-05-25 15:23:44.751363,2026-05-25 16:10:06.392010,0 days 00:46:21.640647,1024,100000,0.8079475513371934,auto,0.9878827140930717,1,0.0002297469076027632,5000,2,3,5,512,256,,,1024,64,,,0.00012408651559764496,4,1,200,True,results_crossq_model1/optuna_phase2/trial_6.yaml,COMPLETE
7,30.302459746948443,2026-05-25 16:10:06.393486,2026-05-25 16:20:22.953300,0 days 00:10:16.559814,1024,1000000,1.229390637155053,0.01,0.9688791202094771,4,0.00019759538091457916,100,2,5,3,512,64,,,256,128,,,0.0003623237013041106,5,8,200,True,results_crossq_model1/optuna_phase2/trial_7.yaml,COMPLETE
8,10.778283500509133,2026-05-25 16:20:22.954405,2026-05-25 16:37:44.609610,0 days 00:17:21.655205,512,100000,1.243380598021708,auto,0.9399448037550273,8,0.0002451948656502821,5000,4,3,5,64,64,64.0,512.0,256,256,64.0,512.0,0.0014844899855628135,3,8,150,True,results_crossq_model1/optuna_phase2/trial_8.yaml,COMPLETE
9,6.403679689101409,2026-05-25 16:37:44.610846,2026-05-25 16:50:55.470400,0 days 00:13:10.859554,256,500000,0.9884702616645666,0.01,0.9683490880343072,4,7.986207964939334e-05,1000,2,5,3,1024,256,,,1024,512,,,0.00017661420128873266,3,8,150,False,results_crossq_model1/optuna_phase2/trial_9.yaml,COMPLETE
10,30.131211803352926,2026-05-25 16:50:55.471699,2026-05-25 17:37:51.264016,0 days 00:46:55.792317,256,1000000,1.2440151063158988,0.01,0.9073378976482532,4,0.0017717227285453771,100,2,5,3,512,1024,,,512,128,,,0.002384890888943401,5,1,250,True,results_crossq_model1/optuna_phase2/trial_10.yaml,COMPLETE
11,31.29213726349917,2026-05-25 17:37:51.266249,2026-05-25 18:27:37.818098,0 days 00:49:46.551849,256,1000000,1.2359681342663351,0.01,0.9018165709834972,4,0.0028452500636317038,100,2,5,3,512,1024,,,512,128,,,0.0027238421475444204,5,1,250,True,results_crossq_model1/optuna_phase2/trial_11.yaml,COMPLETE
12,49.17984052246902,2026-05-25 18:27:37.819951,2026-05-25 19:34:41.226464,0 days 01:07:03.406513,256,1000000,1.4821719989928765,0.01,0.9015042954534577,4,0.002517670852736086,100,3,5,3,128,1024,1024.0,,512,128,256.0,,0.0004495632325044882,5,1,250,True,results_crossq_model1/optuna_phase2/trial_12.yaml,COMPLETE
13,48.80711513746064,2026-05-25 19:34:41.229335,2026-05-25 20:40:59.683598,0 days 01:06:18.454263,256,1000000,1.4914807568279491,0.01,0.9017358250593356,4,0.0025317100689266504,100,3,5,3,128,1024,1024.0,,512,128,256.0,,0.002992191481646643,5,1,250,True,results_crossq_model1/optuna_phase2/trial_13.yaml,COMPLETE
14,25.275335764123156,2026-05-25 20:40:59.684636,2026-05-25 21:50:04.211203,0 days 01:09:04.526567,256,1000000,1.493120528206172,0.01,0.9167963224681415,4,0.0012166806267869534,100,3,5,3,128,1024,1024.0,,512,128,256.0,,0.0006167814180716738,2,1,250,True,results_crossq_model1/optuna_phase2/trial_14.yaml,COMPLETE
15,8.442116759877536,2026-05-25 21:50:04.212757,2026-05-26 01:26:30.544912,0 days 03:36:26.332155,256,1000000,1.4921406262890464,0.1,0.9014569063457113,8,0.002864255622013199,100,3,5,3,128,1024,1024.0,,512,1024,256.0,,0.0012512915213776672,6,1,300,True,results_crossq_model1/optuna_phase2/trial_15.yaml,COMPLETE
16,1.6802752702997168,2026-05-26 01:26:30.546853,2026-05-26 02:21:32.259942,0 days 00:55:01.713089,256,1000000,1.4228803365267746,0.01,0.9187618407021434,4,0.0009114599863610682,100,3,1,3,128,1024,256.0,,512,128,256.0,,0.00041125390071517225,4,1,200,True,results_crossq_model1/optuna_phase2/trial_16.yaml,COMPLETE
17,30.06064349602093,2026-05-26 02:21:32.261342,2026-05-26 02:59:11.571019,0 days 00:37:39.309677,256,1000000,1.337536593245892,0.01,0.9333614000703613,4,0.0005914976781456956,100,3,5,5,128,1024,128.0,,128,128,256.0,,0.002514003828442205,5,1,250,True,results_crossq_model1/optuna_phase2/trial_17.yaml,COMPLETE
18,31.977830176547286,2026-05-26 02:59:11.572387,2026-05-26 03:12:28.115617,0 days 00:13:16.543230,256,500000,1.4805982395597448,auto,0.9131133535933017,1,0.001612868206973519,100,3,5,3,128,1024,1024.0,,64,128,256.0,,0.0014842547169070424,6,1,300,False,results_crossq_model1/optuna_phase2/trial_18.yaml,COMPLETE
19,42.137128455680795,2026-05-26 03:12:28.118401,2026-05-26 05:28:25.197258,0 days 02:15:57.078857,128,1000000,1.4315688120552474,0.1,0.9221893850649482,8,0.0006544528966626797,100,3,1,3,256,1024,1024.0,,512,512,512.0,,0.00030740730045506945,5,1,250,True,results_crossq_model1/optuna_phase2/trial_19.yaml,COMPLETE
20,7.2932652240779134,2026-05-26 05:28:25.199347,2026-05-26 08:21:00.915158,0 days 02:52:35.715811,256,1000000,1.3171372792484557,0.01,0.9106090496101414,4,0.0019182984650313291,100,4,5,5,128,256,1024.0,128.0,512,1024,1024.0,128.0,0.0007184857341388238,4,1,200,True,results_crossq_model1/optuna_phase2/trial_20.yaml,COMPLETE
21,25.256416553689633,2026-05-26 08:21:00.916733,2026-05-26 10:49:53.496134,0 days 02:28:52.579401,128,1000000,1.434381354691193,0.1,0.900127537858172,8,0.0008878848399102912,100,3,1,3,256,1024,1024.0,,512,512,512.0,,0.00027092783007312554,5,1,250,True,results_crossq_model1/optuna_phase2/trial_21.yaml,COMPLETE
22,-4.663899732928257,2026-05-26 10:49:53.497756,2026-05-26 13:15:45.506020,0 days 02:25:52.008264,128,1000000,1.4384350015557708,0.1,0.9252416326292344,8,0.0029701990911701346,100,3,1,3,256,1024,1024.0,,512,512,512.0,,0.00028171742104548094,5,1,250,True,results_crossq_model1/optuna_phase2/trial_22.yaml,COMPLETE
23,1.0950016149145085,2026-05-26 13:15:45.507521,2026-05-26 15:55:07.228981,0 days 02:39:21.721460,128,1000000,1.458791280133059,0.1,0.9110199050823512,8,0.0004185931332167433,100,3,1,3,256,1024,1024.0,,512,512,512.0,,0.0004903073800351483,4,1,200,True,results_crossq_model1/optuna_phase2/trial_23.yaml,COMPLETE
24,36.01082318730187,2026-05-26 15:55:07.230648,2026-05-26 17:20:15.645539,0 days 01:25:08.414891,128,1000000,1.4871205299155021,0.1,0.918338174800912,8,0.0012098151505916038,100,3,1,3,128,1024,256.0,,512,256,256.0,,0.0009859655474733847,6,1,300,True,results_crossq_model1/optuna_phase2/trial_24.yaml,COMPLETE
25,55.642989371262956,2026-05-26 17:20:15.647479,2026-05-26 18:47:07.161397,0 days 01:26:51.513918,256,500000,1.3777285361446767,0.1,0.9079856786372741,8,0.0017865741643235198,1000,3,1,3,256,512,512.0,,128,512,256.0,,0.0002061209320277389,5,1,250,True,results_crossq_model1/optuna_phase2/trial_25.yaml,COMPLETE
26,4.444865528552327,2026-05-26 18:47:07.163027,2026-05-26 19:59:31.567602,0 days 01:12:24.404575,256,500000,1.3734688763365699,0.01,0.9074572399517485,4,0.0019944033393398918,1000,4,5,3,128,512,512.0,1024.0,128,128,256.0,1024.0,0.0001544079070916475,4,1,200,False,results_crossq_model1/optuna_phase2/trial_26.yaml,COMPLETE
27,37.706287105917,2026-05-26 19:59:31.568743,2026-05-26 20:28:21.029109,0 days 00:28:49.460366,256,500000,1.299589642447087,auto,0.9306045836666663,4,0.0014209926775513304,1000,3,5,3,64,512,512.0,,128,128,256.0,,8.511724120677715e-05,5,1,250,True,results_crossq_model1/optuna_phase2/trial_27.yaml,COMPLETE
28,19.915645731496625,2026-05-26 20:28:21.030477,2026-05-26 20:31:55.177041,0 days 00:03:34.146564,256,500000,1.382089864470218,0.01,0.9062079675197995,1,0.002132848830486306,1000,3,3,3,256,512,128.0,,128,512,256.0,,0.0018964125603845748,6,8,300,True,results_crossq_model1/optuna_phase2/trial_28.yaml,COMPLETE
29,11.107778483768925,2026-05-26 20:31:55.178268,2026-05-26 22:25:22.896049,0 days 01:53:27.717781,256,500000,1.388548372494341,0.1,0.9139765893224144,8,0.0011067353844829398,1000,4,1,5,64,128,512.0,128.0,64,1024,256.0,256.0,0.0010021222918949804,2,1,200,False,results_crossq_model1/optuna_phase2/trial_29.yaml,COMPLETE
