number,value,datetime_start,datetime_complete,duration,params_bs,params_cg,params_gae_lambda,params_gamma,params_lr,params_n_layers,params_n_steps,params_ncu,params_pi_l0,params_pi_l1,params_pi_l2,params_pi_l3,params_ssf,params_target_kl,params_vf_l0,params_vf_l1,params_vf_l2,params_vf_l3,state
0,-1.5182817801978672,2026-05-24 21:39:13.716678,2026-05-24 21:55:44.936741,0 days 00:16:31.220063,64,10,0.99393966818808,0.9197677044336776,0.0008810003129071785,3,1024,5,64,256,256.0,,4,0.043709904681305034,512,512,512.0,,COMPLETE
1,-5.670607177977217,2026-05-24 21:55:44.940947,2026-05-24 22:13:36.803630,0 days 00:17:51.862683,128,20,0.9977018067234512,0.982045013406041,4.700720768446124e-05,2,2048,20,64,128,,,2,0.020512599422151365,256,512,,,COMPLETE
2,-2.6196578562958166,2026-05-24 22:13:36.805703,2026-05-24 22:29:04.320694,0 days 00:15:27.514991,64,20,0.9887130386924259,0.9627069718945319,0.0010041813901025356,4,512,10,64,512,512.0,128.0,1,0.003469591660330289,64,512,256.0,512.0,COMPLETE
3,6.0742693254705955,2026-05-24 22:29:04.322435,2026-05-24 22:41:53.802821,0 days 00:12:49.480386,64,10,0.975400341917543,0.9899183227106987,4.900507735987361e-05,2,2048,5,128,256,,,1,0.0025336058850767753,128,128,,,COMPLETE
4,-9.385342203895561,2026-05-24 22:41:53.805344,2026-05-24 22:53:50.167039,0 days 00:11:56.361695,256,20,0.9626770442700535,0.9809049978199204,0.00043138049872830825,2,512,5,128,512,,,4,0.003767050528609562,128,128,,,COMPLETE
5,-4.239375574714359,2026-05-24 22:53:50.168827,2026-05-24 23:06:27.379822,0 days 00:12:37.210995,128,20,0.9024072806767139,0.9786863190506232,0.0003659374902089003,3,1024,5,256,256,128.0,,4,0.012492175283159117,256,64,128.0,,COMPLETE
6,-6.277080913831014,2026-05-24 23:06:27.381301,2026-05-24 23:21:23.742525,0 days 00:14:56.361224,128,15,0.9584924927963321,0.9371827123113545,6.874719564953523e-05,4,1024,20,64,512,64.0,64.0,2,0.0011267277996879668,64,512,64.0,512.0,COMPLETE
7,-10.247424856061116,2026-05-24 23:21:23.743663,2026-05-24 23:31:42.625915,0 days 00:10:18.882252,256,10,0.9730517947528811,0.9154872672244375,2.6870208945807002e-05,2,2048,10,512,64,,,1,0.008746431657116676,128,64,,,COMPLETE
8,-8.554486677632667,2026-05-24 23:31:42.627329,2026-05-24 23:41:36.820355,0 days 00:09:54.193026,256,20,0.9023039216378468,0.9099770221363652,1.4853074269608514e-05,4,2048,10,64,64,128.0,256.0,1,0.024196776966344636,256,128,512.0,128.0,COMPLETE
9,-11.194786404026672,2026-05-24 23:41:36.822231,2026-05-24 23:51:55.453934,0 days 00:10:18.631703,128,10,0.911589634626333,0.9090294042018203,0.0009036076200388383,4,2048,10,128,256,256.0,64.0,1,0.0017495992291179066,512,512,128.0,512.0,COMPLETE
10,5.749014932021964,2026-05-24 23:51:55.456916,2026-05-25 00:01:51.005673,0 days 00:09:55.548757,64,15,0.9375808200986021,0.9963176135856233,0.00014083034760643497,2,2048,5,128,128,,,1,0.004993860696670817,128,256,,,COMPLETE
11,6.02167539979564,2026-05-25 00:01:51.007399,2026-05-25 00:11:16.390705,0 days 00:09:25.383306,64,15,0.9382585045661668,0.9960443571482321,0.00014140371724634602,2,2048,5,128,128,,,1,0.0040582944711475355,128,256,,,COMPLETE
12,7.668737732805312,2026-05-25 00:11:16.392910,2026-05-25 00:20:12.450322,0 days 00:08:56.057412,64,15,0.9411871152248223,0.9976210794836649,0.00011827238994742874,3,2048,5,128,128,512.0,,1,0.0024644105518425307,128,256,256.0,,COMPLETE
13,2.430762192234397,2026-05-25 00:20:12.451528,2026-05-25 00:29:36.466492,0 days 00:09:24.014964,64,15,0.9752960054477189,0.9603167356648408,0.002667816478705371,3,2048,5,128,256,512.0,,1,0.002044513181761367,128,256,256.0,,COMPLETE
14,6.67071623983793,2026-05-25 00:29:36.469839,2026-05-25 00:39:32.695977,0 days 00:09:56.226138,64,10,0.9439988855533495,0.9989085890729628,6.86432325066163e-05,3,2048,5,256,128,512.0,,1,0.0022263611219364753,128,128,256.0,,COMPLETE
15,-5.672208118179697,2026-05-25 00:39:32.698110,2026-05-25 00:49:22.551713,0 days 00:09:49.853603,64,10,0.9448063433925906,0.9983513797059513,9.845595514087136e-05,3,512,5,256,128,512.0,,2,0.0011698542273801803,128,256,256.0,,COMPLETE
16,-10.154622054571519,2026-05-25 00:49:22.554572,2026-05-25 01:02:00.528478,0 days 00:12:37.973906,64,15,0.9286631638529642,0.970735199211327,1.003715738463631e-05,3,2048,20,256,128,512.0,,1,0.005551260027588855,128,128,256.0,,COMPLETE
17,7.189786316041136,2026-05-25 01:02:00.530097,2026-05-25 01:13:13.264336,0 days 00:11:12.734239,64,15,0.9265834330439355,0.9859107917405401,0.00020226559776148953,3,2048,5,512,128,512.0,,1,0.002358930605938615,512,128,256.0,,COMPLETE
18,-15.056917254376458,2026-05-25 01:13:13.266029,2026-05-25 01:24:26.137449,0 days 00:11:12.871420,64,15,0.9243062030258524,0.9498214726527191,0.00022551002430152436,3,512,5,512,128,64.0,,2,0.0015062900148730262,512,256,64.0,,COMPLETE
19,-0.13540395128075033,2026-05-25 01:24:26.139177,2026-05-25 01:35:44.266730,0 days 00:11:18.127553,256,15,0.9240118551036388,0.9865317383240916,0.00024393080932215923,3,1024,20,512,128,512.0,,4,0.002876252885868094,512,64,256.0,,COMPLETE
20,6.904032363687293,2026-05-25 01:35:44.268990,2026-05-25 01:47:16.290954,0 days 00:11:32.021964,64,15,0.9549494705082339,0.9741293475849371,0.00013135573870420094,4,2048,5,512,64,512.0,512.0,1,0.001639260994821843,512,128,256.0,256.0,COMPLETE
21,6.855529129417846,2026-05-25 01:47:16.293178,2026-05-25 01:58:33.503289,0 days 00:11:17.210111,64,15,0.9545664425992217,0.973658958166478,0.00012711184699426486,4,2048,5,512,64,512.0,512.0,1,0.001659136625024026,512,128,256.0,256.0,COMPLETE
22,8.31522451841738,2026-05-25 01:58:33.505972,2026-05-25 02:07:26.729693,0 days 00:08:53.223721,64,15,0.9511536378222661,0.9880385875060959,9.132888768997024e-05,3,2048,5,512,64,512.0,,1,0.0026873381074592256,512,128,256.0,,COMPLETE
23,7.835953641828382,2026-05-25 02:07:26.731234,2026-05-25 02:16:34.670557,0 days 00:09:07.939323,64,15,0.9479000582552528,0.9859999061591875,0.0002098276797581552,3,2048,5,512,64,512.0,,1,0.002931399616002055,512,128,256.0,,COMPLETE
24,7.410429740324616,2026-05-25 02:16:34.672964,2026-05-25 02:26:16.785140,0 days 00:09:42.112176,64,15,0.9493567627924479,0.9892136230462062,7.994283120625628e-05,3,2048,5,512,64,512.0,,1,0.0030045589298093407,512,256,256.0,,COMPLETE
25,6.085893188370392,2026-05-25 02:26:16.786837,2026-05-25 02:36:45.439796,0 days 00:10:28.652959,64,15,0.9620309425897071,0.9910359463493026,4.03562376360879e-05,3,2048,5,512,64,128.0,,1,0.005013266737681821,64,128,512.0,,COMPLETE
26,7.361855679482687,2026-05-25 02:36:45.440969,2026-05-25 02:47:21.754551,0 days 00:10:36.313582,64,15,0.9365200523735565,0.9821183071324698,0.00010300370554100133,3,2048,5,512,64,64.0,,1,0.002941623123556453,512,128,128.0,,COMPLETE
27,6.444471252470976,2026-05-25 02:47:21.756355,2026-05-25 02:57:11.236452,0 days 00:09:49.480097,64,15,0.9471352705070115,0.9908729110079371,0.0002855254742204868,3,2048,5,512,64,256.0,,1,0.006987877139646793,512,256,64.0,,COMPLETE
28,-3.4985911059193313,2026-05-25 02:57:11.237565,2026-05-25 03:06:32.053198,0 days 00:09:20.815633,256,15,0.949887223598718,0.9644184089292508,0.00018521762418114907,3,1024,20,128,64,512.0,,4,0.003998289510787106,256,64,256.0,,COMPLETE
29,-3.4676467063836753,2026-05-25 03:06:32.055708,2026-05-25 03:16:57.047697,0 days 00:10:24.991989,128,15,0.9657959475458373,0.9762498726441158,0.0006364639926180312,2,512,10,512,64,,,2,0.0010328323136312133,512,128,,,COMPLETE
