number,value,datetime_start,datetime_complete,duration,params_bs,params_cg,params_discharge_price_factor,params_gae_lambda,params_gamma,params_lr,params_n_layers,params_n_steps,params_ncu,params_pi_l0,params_pi_l1,params_pi_l2,params_pi_l3,params_spawn_multiplier,params_ssf,params_target_kl,params_transformer_max_power,params_vf_l0,params_vf_l1,params_vf_l2,params_vf_l3,user_attrs_yaml_path,state
0,6.330284852156183,2026-05-25 03:16:57.292124,2026-05-25 03:27:19.337172,0 days 00:10:22.045048,64,10,1.2637655990477874,0.99393966818808,0.9197677044336776,0.0008810003129071785,3,1024,5,64,256,256.0,,3,4,0.043709904681305034,150,512,512,512.0,,results_trpo_model1/optuna_phase2/trial_0.yaml,COMPLETE
1,1.0289321729214862,2026-05-25 03:27:19.338950,2026-05-25 03:38:03.785671,0 days 00:10:44.446721,128,10,1.3325495340318283,0.9854472391616838,0.9807306814170286,1.0319982330247679e-05,3,2048,10,256,64,512.0,,5,1,0.011454201562599395,200,256,512,128.0,,results_trpo_model1/optuna_phase2/trial_1.yaml,COMPLETE
2,-15.830893625028466,2026-05-25 03:38:03.786781,2026-05-25 03:48:48.678487,0 days 00:10:44.891706,256,20,1.1518753162602031,0.9319970902700547,0.9006882609225879,0.0013556076855136886,4,512,5,128,256,128.0,64.0,5,1,0.007610438922351129,100,128,512,256.0,512.0,results_trpo_model1/optuna_phase2/trial_2.yaml,COMPLETE
3,-11.999726729642134,2026-05-25 03:48:48.679678,2026-05-25 04:00:07.930594,0 days 00:11:19.250916,128,20,1.3720555401408512,0.9638721062505355,0.9184653325295856,6.231765707605574e-05,2,2048,10,64,64,,,5,1,0.0019780776349405255,200,128,512,,,results_trpo_model1/optuna_phase2/trial_3.yaml,COMPLETE
4,11.253157066646963,2026-05-25 04:00:07.933789,2026-05-25 04:10:44.868838,0 days 00:10:36.935049,128,10,1.1447623856732048,0.9562625517302117,0.9705057429134061,3.593703753553798e-05,3,2048,5,512,512,64.0,,4,2,0.0014426155883642529,100,256,256,256.0,,results_trpo_model1/optuna_phase2/trial_4.yaml,COMPLETE
5,6.614190867403522,2026-05-25 04:10:44.871192,2026-05-25 04:24:10.358568,0 days 00:13:25.487376,64,20,1.0005788764897992,0.9790312227177107,0.9290655925821849,7.771469941298163e-05,4,2048,10,256,128,512.0,64.0,4,1,0.01271361987471578,200,64,64,128.0,64.0,results_trpo_model1/optuna_phase2/trial_5.yaml,COMPLETE
6,2.764176364985964,2026-05-25 04:24:10.360024,2026-05-25 04:36:30.266215,0 days 00:12:19.906191,128,20,1.2282045223640465,0.9689014464032761,0.9787234332821017,6.30960749162859e-05,2,1024,10,128,128,,,4,2,0.004952206954861375,200,512,256,,,results_trpo_model1/optuna_phase2/trial_6.yaml,COMPLETE
7,19.06973331293557,2026-05-25 04:36:30.267793,2026-05-25 04:52:52.659132,0 days 00:16:22.391339,64,20,1.4728333946767398,0.9069863059926426,0.9044850969674324,0.0003742863434150556,2,1024,20,128,256,,,3,4,0.012343862740578632,300,256,512,,,results_trpo_model1/optuna_phase2/trial_7.yaml,COMPLETE
8,10.745997821679339,2026-05-25 04:52:52.666355,2026-05-25 05:07:35.177009,0 days 00:14:42.510654,64,10,1.4268662599473403,0.9768648831134576,0.9279214226845593,0.0009779568441679821,2,2048,10,128,512,,,3,1,0.0037932807951621614,150,128,256,,,results_trpo_model1/optuna_phase2/trial_8.yaml,COMPLETE
9,6.436444619583199,2026-05-25 05:07:35.178673,2026-05-25 05:19:50.677504,0 days 00:12:15.498831,256,15,1.3689596970802518,0.9612035882683099,0.9544033593500498,1.3886091666077124e-05,2,1024,5,512,64,,,3,2,0.001485266526630739,300,512,64,,,results_trpo_model1/optuna_phase2/trial_9.yaml,COMPLETE
10,7.537624284367723,2026-05-25 05:19:50.678923,2026-05-25 05:36:33.723250,0 days 00:16:43.044327,64,15,1.4581139571440376,0.9012188057869288,0.9950173038485965,0.0003022573830748227,2,512,20,128,256,,,2,4,0.02453335488214309,300,256,128,,,results_trpo_model1/optuna_phase2/trial_10.yaml,COMPLETE
11,-7.60154124024848,2026-05-25 05:36:33.725964,2026-05-25 05:50:21.776031,0 days 00:13:48.050067,128,10,1.0185644551454816,0.9446359299770384,0.9531506324692709,0.000217122302583139,3,1024,20,512,512,64.0,,6,2,0.0010117480559868487,250,256,256,64.0,,results_trpo_model1/optuna_phase2/trial_11.yaml,COMPLETE
12,-13.581327307387255,2026-05-25 05:50:21.778022,2026-05-25 06:05:45.532380,0 days 00:15:23.754358,64,20,1.1054129043224017,0.9215199302368035,0.9447803049748832,0.002591514498649889,3,2048,20,512,512,64.0,,2,4,0.002921605151085417,100,256,128,256.0,,results_trpo_model1/optuna_phase2/trial_12.yaml,COMPLETE
13,17.230488370580133,2026-05-25 06:05:45.534602,2026-05-25 06:18:27.696630,0 days 00:12:42.162028,128,10,1.4797347626985422,0.9479350469853998,0.9023458457390774,0.0003663932197424593,4,1024,20,512,256,64.0,512.0,3,4,0.0024469605609449088,250,256,256,256.0,128.0,results_trpo_model1/optuna_phase2/trial_13.yaml,COMPLETE
14,17.37897144840099,2026-05-25 06:18:27.697883,2026-05-25 06:31:33.686569,0 days 00:13:05.988686,256,15,1.4856525390709001,0.9042923524964125,0.9007625478653684,0.0004102068805696952,4,1024,20,128,256,128.0,512.0,3,4,0.0061908997070854776,250,64,512,64.0,128.0,results_trpo_model1/optuna_phase2/trial_14.yaml,COMPLETE
15,-18.35048917698441,2026-05-25 06:31:33.689537,2026-05-25 06:46:53.023852,0 days 00:15:19.334315,256,15,0.8494501800394405,0.9058352589089691,0.900667785416969,0.000497280179287112,4,1024,20,128,256,128.0,512.0,2,4,0.0066630652942530205,250,64,512,64.0,128.0,results_trpo_model1/optuna_phase2/trial_15.yaml,COMPLETE
16,17.384517233469523,2026-05-25 06:46:53.027844,2026-05-25 07:02:08.470316,0 days 00:15:15.442472,256,15,1.4694803182552791,0.9163743717372256,0.9116774953270056,0.00015491862547057628,4,1024,20,128,256,128.0,128.0,3,4,0.015124036706819353,300,64,512,64.0,256.0,results_trpo_model1/optuna_phase2/trial_16.yaml,COMPLETE
17,-5.660262425197288,2026-05-25 07:02:08.471696,2026-05-25 07:16:50.009988,0 days 00:14:41.538292,256,15,1.4017738566070472,0.9184340215136333,0.9138863027257523,0.00015050626290337551,3,1024,20,128,256,256.0,,2,4,0.017299377414590342,300,64,512,512.0,,results_trpo_model1/optuna_phase2/trial_17.yaml,COMPLETE
18,28.34234775765799,2026-05-25 07:16:50.013127,2026-05-25 07:30:40.611807,0 days 00:13:50.598680,64,15,1.4920642119617242,0.9158607935749888,0.9349908302510977,0.00016185610265745067,2,512,20,128,256,,,3,4,0.024274484238690303,300,64,512,,,results_trpo_model1/optuna_phase2/trial_18.yaml,COMPLETE
19,-8.77432874700753,2026-05-25 07:30:40.613572,2026-05-25 07:43:39.107318,0 days 00:12:58.493746,64,20,1.3085143903674936,0.9335629509350736,0.9386319824947664,0.0006677239945224387,2,512,20,64,128,,,4,4,0.028769579014024906,300,64,64,,,results_trpo_model1/optuna_phase2/trial_19.yaml,COMPLETE
20,-13.758012848917588,2026-05-25 07:43:39.109461,2026-05-25 07:57:26.217781,0 days 00:13:47.108320,64,20,1.4026486043926225,0.9114133437888666,0.9337653622720393,0.00024242402053296588,2,512,20,256,256,,,6,4,0.01048022543453256,250,256,128,,,results_trpo_model1/optuna_phase2/trial_20.yaml,COMPLETE
21,26.027822736359667,2026-05-25 07:57:26.220628,2026-05-25 08:09:23.352884,0 days 00:11:57.132256,64,15,1.4915944855191874,0.9146235198150029,0.9147480788386405,0.00014625793843198035,2,512,20,128,256,,,3,4,0.018259868700227312,300,64,512,,,results_trpo_model1/optuna_phase2/trial_21.yaml,COMPLETE
22,24.108031538373325,2026-05-25 08:09:23.355046,2026-05-25 08:20:51.132358,0 days 00:11:27.777312,64,15,1.4944462695209029,0.9246465556190373,0.9233941910786995,0.0001271965417846275,2,512,20,128,256,,,3,4,0.019639958765954257,300,64,512,,,results_trpo_model1/optuna_phase2/trial_22.yaml,COMPLETE
23,6.100338076808839,2026-05-25 08:20:51.134704,2026-05-25 08:32:39.054212,0 days 00:11:47.919508,64,15,1.497424380845597,0.9274009331008789,0.9277801402716964,0.0001172188961836719,2,512,20,128,256,,,2,4,0.02153182086211015,300,64,512,,,results_trpo_model1/optuna_phase2/trial_23.yaml,COMPLETE
24,22.583709460108366,2026-05-25 08:32:39.056150,2026-05-25 08:44:48.825798,0 days 00:12:09.769648,64,15,1.3883017408954352,0.9136717469886306,0.9225609186319192,0.00011164751206465305,2,512,20,128,256,,,3,4,0.03388309582521336,250,64,512,,,results_trpo_model1/optuna_phase2/trial_24.yaml,COMPLETE
25,-14.39937684841425,2026-05-25 08:44:48.827082,2026-05-25 09:00:51.023762,0 days 00:16:02.196680,64,15,1.4217116153839422,0.923475787725842,0.9115150813378848,0.00024348816628936033,2,512,20,128,256,,,4,4,0.018459500809225638,300,64,512,,,results_trpo_model1/optuna_phase2/trial_25.yaml,COMPLETE
26,-15.430252303485759,2026-05-25 09:00:51.025874,2026-05-25 09:18:51.616896,0 days 00:18:00.591022,64,15,1.3364246491157075,0.9330458593289962,0.9391277504577977,0.0001771126227495408,2,512,20,128,256,,,4,4,0.03160316328715515,250,64,512,,,results_trpo_model1/optuna_phase2/trial_26.yaml,COMPLETE
27,17.555562076711794,2026-05-25 09:18:51.626324,2026-05-25 09:33:54.255193,0 days 00:15:02.628869,64,15,1.4284317841795884,0.9401941334650594,0.9235165204028651,0.00010712289989809786,2,512,20,128,128,,,3,4,0.04765104510425661,300,64,512,,,results_trpo_model1/optuna_phase2/trial_27.yaml,COMPLETE
28,6.166756395847187,2026-05-25 09:33:54.256595,2026-05-25 09:47:16.902226,0 days 00:13:22.645631,64,15,1.4989709354845646,0.9110319880049033,0.933462208288316,3.973948862962235e-05,3,512,20,64,64,512.0,,2,4,0.020878311695921758,300,64,64,512.0,,results_trpo_model1/optuna_phase2/trial_28.yaml,COMPLETE
29,2.6635779958742205,2026-05-25 09:47:16.904443,2026-05-25 09:59:37.792735,0 days 00:12:20.888292,64,15,1.272733486534289,0.9250673818450295,0.91881895957408,0.00027261995753017027,3,512,5,256,256,256.0,,3,2,0.040046950356102944,150,512,512,128.0,,results_trpo_model1/optuna_phase2/trial_29.yaml,COMPLETE
